<?xml version="1.0" encoding="UTF-8"?>
<!-- Generated by org.testng.reporters.JUnitXMLReporter -->
<testsuite ignored="0" hostname="VN-MF10-NC100S7" failures="0" tests="6" name="Run on Firefox" time="19.178" errors="0" timestamp="14 Sep 2022 09:03:47 GMT">
  <testcase classname="com.nopcommerce.user.Level_06_Page_Generator_Manager_II" name="@BeforeClass beforeClass" time="19.116">
    <failure type="org.openqa.selenium.WebDriverException" message="TypeError: browsingContext.currentWindowGlobal is null
Build info: version: &amp;apos;3.141.59&amp;apos;, revision: &amp;apos;e82be7d358&amp;apos;, time: &amp;apos;2018-11-14T08:25:53&amp;apos;
System info: host: &amp;apos;VN-MF10-NC100S7&amp;apos;, ip: &amp;apos;10.218.147.135&amp;apos;, os.name: &amp;apos;Windows 10&amp;apos;, os.arch: &amp;apos;amd64&amp;apos;, os.version: &amp;apos;10.0&amp;apos;, java.version: &amp;apos;11.0.14&amp;apos;
Driver info: org.openqa.selenium.firefox.FirefoxDriver
Capabilities {acceptInsecureCerts: true, browserName: firefox, browserVersion: 104.0.2, javascriptEnabled: true, moz:accessibilityChecks: false, moz:buildID: 20220902153754, moz:geckodriverVersion: 0.31.0, moz:headless: false, moz:platformVersion: 10.0, moz:processID: 37224, moz:profile: C:\Users\CUONG~1.TRU\AppDat..., moz:shutdownTimeout: 60000, moz:useNonSpecCompliantPointerOrigin: false, moz:webdriverClick: true, moz:windowless: false, pageLoadStrategy: normal, platform: WINDOWS, platformName: WINDOWS, proxy: Proxy(), setWindowRect: true, strictFileInteractability: false, timeouts: {implicit: 0, pageLoad: 300000, script: 30000}, unhandledPromptBehavior: dismiss and notify}
Session ID: 025f3b07-1e6e-4274-8268-84df58bf4523
*** Element info: {Using=xpath, value=//a[text()=&amp;apos;Register&amp;apos;]}">
      <![CDATA[org.openqa.selenium.WebDriverException: TypeError: browsingContext.currentWindowGlobal is null
Build info: version: '3.141.59', revision: 'e82be7d358', time: '2018-11-14T08:25:53'
System info: host: 'VN-MF10-NC100S7', ip: '10.218.147.135', os.name: 'Windows 10', os.arch: 'amd64', os.version: '10.0', java.version: '11.0.14'
Driver info: org.openqa.selenium.firefox.FirefoxDriver
Capabilities {acceptInsecureCerts: true, browserName: firefox, browserVersion: 104.0.2, javascriptEnabled: true, moz:accessibilityChecks: false, moz:buildID: 20220902153754, moz:geckodriverVersion: 0.31.0, moz:headless: false, moz:platformVersion: 10.0, moz:processID: 37224, moz:profile: C:\Users\CUONG~1.TRU\AppDat..., moz:shutdownTimeout: 60000, moz:useNonSpecCompliantPointerOrigin: false, moz:webdriverClick: true, moz:windowless: false, pageLoadStrategy: normal, platform: WINDOWS, platformName: WINDOWS, proxy: Proxy(), setWindowRect: true, strictFileInteractability: false, timeouts: {implicit: 0, pageLoad: 300000, script: 30000}, unhandledPromptBehavior: dismiss and notify}
Session ID: 025f3b07-1e6e-4274-8268-84df58bf4523
*** Element info: {Using=xpath, value=//a[text()='Register']}
at org.openqa.selenium.remote.http.W3CHttpResponseCodec.createException(W3CHttpResponseCodec.java:187)
at org.openqa.selenium.remote.http.W3CHttpResponseCodec.decode(W3CHttpResponseCodec.java:122)
at org.openqa.selenium.remote.http.W3CHttpResponseCodec.decode(W3CHttpResponseCodec.java:49)
at org.openqa.selenium.remote.HttpCommandExecutor.execute(HttpCommandExecutor.java:158)
at org.openqa.selenium.remote.service.DriverCommandExecutor.execute(DriverCommandExecutor.java:83)
at org.openqa.selenium.remote.RemoteWebDriver.execute(RemoteWebDriver.java:552)
at org.openqa.selenium.remote.RemoteWebDriver.findElement(RemoteWebDriver.java:323)
at org.openqa.selenium.remote.RemoteWebDriver.findElementByXPath(RemoteWebDriver.java:428)
at org.openqa.selenium.By$ByXPath.findElement(By.java:353)
at org.openqa.selenium.remote.RemoteWebDriver.findElement(RemoteWebDriver.java:315)
at org.openqa.selenium.support.ui.ExpectedConditions$7.apply(ExpectedConditions.java:205)
at org.openqa.selenium.support.ui.ExpectedConditions$7.apply(ExpectedConditions.java:201)
at org.openqa.selenium.support.ui.ExpectedConditions$22.apply(ExpectedConditions.java:641)
at org.openqa.selenium.support.ui.ExpectedConditions$22.apply(ExpectedConditions.java:638)
at org.openqa.selenium.support.ui.FluentWait.until(FluentWait.java:249)
at common.BasePage.waitForElementClickable(BasePage.java:320)
at pageObjects.HomePageObject.clickToRegisterLink(HomePageObject.java:16)
at com.nopcommerce.user.Level_06_Page_Generator_Manager_II.beforeClass(Level_06_Page_Generator_Manager_II.java:42)
... Removed 30 stack frames]]>
    </failure>
  </testcase> <!-- @BeforeClass beforeClass -->
  <testcase classname="com.nopcommerce.user.Level_06_Page_Generator_Manager_II" name="@AfterClass afterClass" time="0.0">
    <skipped/>
  </testcase> <!-- @AfterClass afterClass -->
  <testcase classname="com.nopcommerce.user.Level_06_Page_Generator_Manager_II" name="Login_01_Empty_Data" time="0.0">
    <skipped/>
  </testcase> <!-- Login_01_Empty_Data -->
  <testcase classname="com.nopcommerce.user.Level_06_Page_Generator_Manager_II" name="Login_02_Invalid_Email" time="0.0">
    <skipped/>
  </testcase> <!-- Login_02_Invalid_Email -->
  <testcase classname="com.nopcommerce.user.Level_06_Page_Generator_Manager_II" name="Login_03_Email_Not_Exist" time="0.0">
    <skipped/>
  </testcase> <!-- Login_03_Email_Not_Exist -->
  <testcase classname="com.nopcommerce.user.Level_06_Page_Generator_Manager_II" name="Login_04_Existing_Email_Empty_Password" time="0.0">
    <skipped/>
  </testcase> <!-- Login_04_Existing_Email_Empty_Password -->
  <testcase classname="com.nopcommerce.user.Level_06_Page_Generator_Manager_II" name="Login_05_Existing_Email_Incorrect_Password" time="0.0">
    <skipped/>
  </testcase> <!-- Login_05_Existing_Email_Incorrect_Password -->
  <testcase classname="com.nopcommerce.user.Level_06_Page_Generator_Manager_II" name="Login_06_Valid_Email_Valid_Password" time="0.0">
    <skipped/>
  </testcase> <!-- Login_06_Valid_Email_Valid_Password -->
</testsuite> <!-- Run on Firefox -->
